<testsuites name="Mocha Tests">
  <testsuite name="test suite description" tests="9" errors="0" failures="0" skipped="0" timestamp="2020-03-17T16:40:27" time="0.172">
    <testcase classname="test suite description" name="test case description" time="0.037">
    </testcase>
    <testcase classname="test suite description" name="test case description" time="0.01">
    </testcase>
    <testcase classname="test suite description" name="test case description" time="0.02">
    </testcase>
    <testcase classname="test suite description" name="test case description" time="0.021">
    </testcase>
    <testcase classname="test suite description" name="test case description" time="0.014">
    </testcase>
    <testcase classname="test suite description" name="test case description" time="0.012">
    </testcase>
    <testcase classname="test suite description" name="test case description" time="0.018">
    </testcase>
    <testcase classname="test suite description" name="test case description" time="0.016">
    </testcase>
    <testcase classname="test suite description" name="test case description" time="0.016">
    </testcase>
  </testsuite>
</testsuites>