<testsuites name="Mocha Tests">
  <testsuite name="REST API test suite description" tests="9" errors="0" failures="0" skipped="0" timestamp="2020-03-17T15:32:15" time="0.084">
    <testcase classname="REST API test suite description" name="test case description" time="0.032">
    </testcase>
    <testcase classname="REST API test suite description" name="test case description" time="0.007">
    </testcase>
    <testcase classname="REST API test suite description" name="test case description" time="0.005">
    </testcase>
    <testcase classname="REST API test suite description" name="test case description" time="0.005">
    </testcase>
    <testcase classname="REST API test suite description" name="test case description" time="0.005">
    </testcase>
    <testcase classname="REST API test suite description" name="test case description" time="0.005">
    </testcase>
    <testcase classname="REST API test suite description" name="test case description" time="0.007">
    </testcase>
    <testcase classname="REST API test suite description" name="test case description" time="0.005">
    </testcase>
    <testcase classname="REST API test suite description" name="test case description" time="0.005">
    </testcase>
  </testsuite>
</testsuites>