<testsuites name="Mocha Tests">
  <testsuite name="REST API test suite description" tests="9" errors="0" failures="0" skipped="0" timestamp="2020-03-17T15:57:27" time="0.104">
    <testcase classname="REST API test suite description" name="test case description" time="0.039">
    </testcase>
    <testcase classname="REST API test suite description" name="test case description" time="0.014">
    </testcase>
    <testcase classname="REST API test suite description" name="test case description" time="0.005">
    </testcase>
    <testcase classname="REST API test suite description" name="test case description" time="0.005">
    </testcase>
    <testcase classname="REST API test suite description" name="test case description" time="0.005">
    </testcase>
    <testcase classname="REST API test suite description" name="test case description" time="0.006">
    </testcase>
    <testcase classname="REST API test suite description" name="test case description" time="0.005">
    </testcase>
    <testcase classname="REST API test suite description" name="test case description" time="0.008">
    </testcase>
    <testcase classname="REST API test suite description" name="test case description" time="0.005">
    </testcase>
  </testsuite>
</testsuites>