<testsuites name="Mocha Tests">
  <testsuite name="REST API test suite description" tests="9" errors="0" failures="0" skipped="0" timestamp="2020-03-17T14:54:30" time="0.078">
    <testcase classname="REST API test suite description" name="test case description" time="0.029">
    </testcase>
    <testcase classname="REST API test suite description" name="test case description" time="0.006">
    </testcase>
    <testcase classname="REST API test suite description" name="test case description" time="0.005">
    </testcase>
    <testcase classname="REST API test suite description" name="test case description" time="0.006">
    </testcase>
    <testcase classname="REST API test suite description" name="test case description" time="0.004">
    </testcase>
    <testcase classname="REST API test suite description" name="test case description" time="0.004">
    </testcase>
    <testcase classname="REST API test suite description" name="test case description" time="0.004">
    </testcase>
    <testcase classname="REST API test suite description" name="test case description" time="0.006">
    </testcase>
    <testcase classname="REST API test suite description" name="test case description" time="0.005">
    </testcase>
  </testsuite>
</testsuites>